Started 5 for 803479
abandoning_pare(803479)-+-pstree(803486)
                        |-python3(803481)
                        |-python3(803482)
                        |-python3(803483)
                        |-python3(803484)
                        `-python3(803485)
Starting one more in subprocess
[1]   Running                 "$@" &
[2]   Running                 "$@" &
[3]   Running                 "$@" &
[4]-  Running                 "$@" &
[5]+  Running                 "$@" &
abandoning_pare(803479)-+-pstree(803489)
                        |-python3(803481)
                        |-python3(803482)
                        |-python3(803483)
                        |-python3(803484)
                        `-python3(803485)
waiting
PID of this process: 803481
<class 'bytearray'>
PID of this process: 803485
<class 'bytearray'>
PID of this process: 803482
<class 'bytearray'>
PID of this process: 803484
<class 'bytearray'>
PID of this process: 803483
<class 'bytearray'>
PID of this process: 803488
<class 'bytearray'>
